This file contains any messages produced by compilers while
running configure, to aid debugging if configure makes a mistake.

It was created by ruby-debug-extra configure 0.10.1, which was
generated by GNU Autoconf 2.61.  Invocation command line was

  $ ./configure 

## --------- ##
## Platform. ##
## --------- ##

hostname = ignacy-home
uname -m = x86_64
uname -r = 2.6.32-26-generic
uname -s = Linux
uname -v = #47-Ubuntu SMP Wed Nov 17 15:58:05 UTC 2010

/usr/bin/uname -p = unknown
/bin/uname -X     = unknown

/bin/arch              = unknown
/usr/bin/arch -k       = unknown
/usr/convex/getsysinfo = unknown
/usr/bin/hostinfo      = unknown
/bin/machine           = unknown
/usr/bin/oslevel       = unknown
/bin/universe          = unknown

PATH: /home/ignacy/bin
PATH: /usr/local/sbin
PATH: /usr/local/bin
PATH: /usr/sbin
PATH: /usr/bin
PATH: /sbin
PATH: /bin
PATH: /usr/games


## ----------- ##
## Core tests. ##
## ----------- ##

configure:1711: checking for a BSD-compatible install
configure:1767: result: /usr/bin/install -c
configure:1778: checking whether build environment is sane
configure:1821: result: yes
configure:1849: checking for a thread-safe mkdir -p
configure:1888: result: /bin/mkdir -p
configure:1901: checking for gawk
configure:1917: found /usr/bin/gawk
configure:1928: result: gawk
configure:1939: checking whether make sets $(MAKE)
configure:1960: result: yes
configure:2159: checking for emacs
configure:2175: found /usr/local/bin/emacs
configure:2186: result: emacs
configure:2210: checking where .elc files should go
configure:2223: $EMACS -batch -q -eval '(while load-path (princ (concat (car load-path) "\n")) (setq load-path (cdr load-path)))' </dev/null >conftest.out
configure:2226: $? = 0
configure:2239: result: ${datarootdir}/emacs/site-lisp
configure:2395: creating ./config.status

## ---------------------- ##
## Running config.status. ##
## ---------------------- ##

This file was extended by ruby-debug-extra config.status 0.10.1, which was
generated by GNU Autoconf 2.61.  Invocation command line was

  CONFIG_FILES    = 
  CONFIG_HEADERS  = 
  CONFIG_LINKS    = 
  CONFIG_COMMANDS = 
  $ ./config.status 

on ignacy-home

config.status:595: creating doc/Makefile
config.status:595: creating emacs/Makefile
config.status:595: creating Makefile

## ---------------- ##
## Cache variables. ##
## ---------------- ##

ac_cv_env_EMACSLOADPATH_set=
ac_cv_env_EMACSLOADPATH_value=
ac_cv_env_EMACS_set=
ac_cv_env_EMACS_value=
ac_cv_env_build_alias_set=
ac_cv_env_build_alias_value=
ac_cv_env_host_alias_set=
ac_cv_env_host_alias_value=
ac_cv_env_target_alias_set=
ac_cv_env_target_alias_value=
ac_cv_path_install='/usr/bin/install -c'
ac_cv_path_mkdir=/bin/mkdir
ac_cv_prog_AWK=gawk
ac_cv_prog_EMACS=emacs
ac_cv_prog_make_make_set=yes
am_cv_lispdir='${datarootdir}/emacs/site-lisp'

## ----------------- ##
## Output variables. ##
## ----------------- ##

ACLOCAL='${SHELL} /home/ignacy/.emacs.d/ruby-debug-extra-0.10.1/missing --run aclocal-1.10'
AMTAR='${SHELL} /home/ignacy/.emacs.d/ruby-debug-extra-0.10.1/missing --run tar'
AUTOCONF='${SHELL} /home/ignacy/.emacs.d/ruby-debug-extra-0.10.1/missing --run autoconf'
AUTOHEADER='${SHELL} /home/ignacy/.emacs.d/ruby-debug-extra-0.10.1/missing --run autoheader'
AUTOMAKE='${SHELL} /home/ignacy/.emacs.d/ruby-debug-extra-0.10.1/missing --run automake-1.10'
AWK='gawk'
CYGPATH_W='echo'
DEFS='-DPACKAGE_NAME=\"ruby-debug-extra\" -DPACKAGE_TARNAME=\"ruby-debug-extra\" -DPACKAGE_VERSION=\"0.10.1\" -DPACKAGE_STRING=\"ruby-debug-extra\ 0.10.1\" -DPACKAGE_BUGREPORT=\"\" -DPACKAGE=\"ruby-debug-extra\" -DVERSION=\"0.10.1\"'
ECHO_C=''
ECHO_N='-n'
ECHO_T=''
EMACS='emacs'
EMACSLOADPATH=''
INSTALL_DATA='${INSTALL} -m 644'
INSTALL_EMACS_LISP_FALSE='#'
INSTALL_EMACS_LISP_TRUE=''
INSTALL_PROGRAM='${INSTALL}'
INSTALL_SCRIPT='${INSTALL}'
INSTALL_STRIP_PROGRAM='$(install_sh) -c -s'
LIBOBJS=''
LIBS=''
LTLIBOBJS=''
MAKEINFO='${SHELL} /home/ignacy/.emacs.d/ruby-debug-extra-0.10.1/missing --run makeinfo'
PACKAGE='ruby-debug-extra'
PACKAGE_BUGREPORT=''
PACKAGE_NAME='ruby-debug-extra'
PACKAGE_STRING='ruby-debug-extra 0.10.1'
PACKAGE_TARNAME='ruby-debug-extra'
PACKAGE_VERSION='0.10.1'
PATH_SEPARATOR=':'
SET_MAKE=''
SHELL='/bin/bash'
STRIP=''
VERSION='0.10.1'
am__isrc=''
am__leading_dot='.'
am__tar='${AMTAR} chof - "$$tardir"'
am__untar='${AMTAR} xf -'
bindir='${exec_prefix}/bin'
build_alias=''
datadir='${datarootdir}'
datarootdir='${prefix}/share'
docdir='${datarootdir}/doc/${PACKAGE_TARNAME}'
dvidir='${docdir}'
exec_prefix='${prefix}'
host_alias=''
htmldir='${docdir}'
includedir='${prefix}/include'
infodir='${datarootdir}/info'
install_sh='$(SHELL) /home/ignacy/.emacs.d/ruby-debug-extra-0.10.1/install-sh'
libdir='${exec_prefix}/lib'
libexecdir='${exec_prefix}/libexec'
lispdir='${datarootdir}/emacs/site-lisp'
localedir='${datarootdir}/locale'
localstatedir='${prefix}/var'
mandir='${datarootdir}/man'
mkdir_p='/bin/mkdir -p'
oldincludedir='/usr/include'
pdfdir='${docdir}'
prefix='/usr/local'
program_transform_name='s,x,x,'
psdir='${docdir}'
sbindir='${exec_prefix}/sbin'
sharedstatedir='${prefix}/com'
sysconfdir='${prefix}/etc'
target_alias=''

## ----------- ##
## confdefs.h. ##
## ----------- ##

#define PACKAGE_NAME "ruby-debug-extra"
#define PACKAGE_TARNAME "ruby-debug-extra"
#define PACKAGE_VERSION "0.10.1"
#define PACKAGE_STRING "ruby-debug-extra 0.10.1"
#define PACKAGE_BUGREPORT ""
#define PACKAGE "ruby-debug-extra"
#define VERSION "0.10.1"

configure: exit 0
